<?xml version="1.0" encoding="UTF-8"?>
<coverage generated="1684155630208" clover="3.2.0">
  <project timestamp="1684155630209" name="All files">
    <metrics statements="41" coveredstatements="33" conditionals="22" coveredconditionals="13" methods="6" coveredmethods="6" elements="69" coveredelements="52" complexity="0" loc="41" ncloc="41" packages="4" files="5" classes="5"/>
    <package name="pairtest">
      <metrics statements="24" coveredstatements="20" conditionals="10" coveredconditionals="5" methods="1" coveredmethods="1"/>
      <file name="TicketService.js" path="C:\Users\Amin\Documents\Coding\cinema-tickets\cinema-tickets-javascript\src\pairtest\TicketService.js">
        <metrics statements="24" coveredstatements="20" conditionals="10" coveredconditionals="5" methods="1" coveredmethods="1"/>
        <line num="11" count="6" type="stmt"/>
        <line num="12" count="6" type="stmt"/>
        <line num="16" count="3" type="cond" truecount="1" falsecount="1"/>
        <line num="17" count="0" type="stmt"/>
        <line num="21" count="3" type="stmt"/>
        <line num="22" count="5" type="cond" truecount="1" falsecount="1"/>
        <line num="23" count="0" type="stmt"/>
        <line num="28" count="3" type="stmt"/>
        <line num="29" count="3" type="stmt"/>
        <line num="30" count="5" type="stmt"/>
        <line num="31" count="5" type="stmt"/>
        <line num="33" count="5" type="cond" truecount="2" falsecount="2"/>
        <line num="36" count="0" type="stmt"/>
        <line num="38" count="3" type="stmt"/>
        <line num="39" count="3" type="stmt"/>
        <line num="41" count="2" type="stmt"/>
        <line num="42" count="2" type="stmt"/>
        <line num="44" count="0" type="stmt"/>
        <line num="49" count="3" type="stmt"/>
        <line num="52" count="3" type="stmt"/>
        <line num="53" count="3" type="stmt"/>
        <line num="54" count="5" type="cond" truecount="1" falsecount="1"/>
        <line num="55" count="5" type="stmt"/>
        <line num="60" count="3" type="stmt"/>
      </file>
    </package>
    <package name="pairtest.lib">
      <metrics statements="9" coveredstatements="9" conditionals="4" coveredconditionals="4" methods="3" coveredmethods="3"/>
      <file name="InvalidPurchaseException.js" path="C:\Users\Amin\Documents\Coding\cinema-tickets\cinema-tickets-javascript\src\pairtest\lib\InvalidPurchaseException.js">
        <metrics statements="0" coveredstatements="0" conditionals="0" coveredconditionals="0" methods="0" coveredmethods="0"/>
      </file>
      <file name="TicketTypeRequest.js" path="C:\Users\Amin\Documents\Coding\cinema-tickets\cinema-tickets-javascript\src\pairtest\lib\TicketTypeRequest.js">
        <metrics statements="9" coveredstatements="9" conditionals="4" coveredconditionals="4" methods="3" coveredmethods="3"/>
        <line num="11" count="9" type="cond" truecount="2" falsecount="0"/>
        <line num="12" count="2" type="stmt"/>
        <line num="15" count="7" type="cond" truecount="2" falsecount="0"/>
        <line num="16" count="1" type="stmt"/>
        <line num="19" count="6" type="stmt"/>
        <line num="20" count="6" type="stmt"/>
        <line num="24" count="11" type="stmt"/>
        <line num="28" count="11" type="stmt"/>
        <line num="31" count="9" type="stmt"/>
      </file>
    </package>
    <package name="thirdparty.paymentgateway">
      <metrics statements="4" coveredstatements="2" conditionals="4" coveredconditionals="2" methods="1" coveredmethods="1"/>
      <file name="TicketPaymentService.js" path="C:\Users\Amin\Documents\Coding\cinema-tickets\cinema-tickets-javascript\src\thirdparty\paymentgateway\TicketPaymentService.js">
        <metrics statements="4" coveredstatements="2" conditionals="4" coveredconditionals="2" methods="1" coveredmethods="1"/>
        <line num="5" count="2" type="cond" truecount="1" falsecount="1"/>
        <line num="6" count="0" type="stmt"/>
        <line num="9" count="2" type="cond" truecount="1" falsecount="1"/>
        <line num="10" count="0" type="stmt"/>
      </file>
    </package>
    <package name="thirdparty.seatbooking">
      <metrics statements="4" coveredstatements="2" conditionals="4" coveredconditionals="2" methods="1" coveredmethods="1"/>
      <file name="SeatReservationService.js" path="C:\Users\Amin\Documents\Coding\cinema-tickets\cinema-tickets-javascript\src\thirdparty\seatbooking\SeatReservationService.js">
        <metrics statements="4" coveredstatements="2" conditionals="4" coveredconditionals="2" methods="1" coveredmethods="1"/>
        <line num="5" count="2" type="cond" truecount="1" falsecount="1"/>
        <line num="6" count="0" type="stmt"/>
        <line num="9" count="2" type="cond" truecount="1" falsecount="1"/>
        <line num="10" count="0" type="stmt"/>
      </file>
    </package>
  </project>
</coverage>
