{"C:\\Users\\Amin\\Documents\\Coding\\cinema-tickets\\cinema-tickets-javascript\\src\\pairtest\\TicketService.js": {"path":"C:\\Users\\Amin\\Documents\\Coding\\cinema-tickets\\cinema-tickets-javascript\\src\\pairtest\\TicketService.js","statementMap":{"0":{"start":{"line":12,"column":4},"end":{"line":14,"column":5}},"1":{"start":{"line":13,"column":6},"end":{"line":13,"column":93}},"2":{"start":{"line":17,"column":4},"end":{"line":21,"column":5}},"3":{"start":{"line":18,"column":6},"end":{"line":20,"column":7}},"4":{"start":{"line":19,"column":8},"end":{"line":19,"column":78}},"5":{"start":{"line":24,"column":22},"end":{"line":24,"column":23}},"6":{"start":{"line":25,"column":4},"end":{"line":42,"column":5}},"7":{"start":{"line":26,"column":25},"end":{"line":26,"column":48}},"8":{"start":{"line":27,"column":26},"end":{"line":27,"column":50}},"9":{"start":{"line":29,"column":6},"end":{"line":41,"column":7}},"10":{"start":{"line":32,"column":10},"end":{"line":32,"column":16}},"11":{"start":{"line":34,"column":10},"end":{"line":34,"column":42}},"12":{"start":{"line":35,"column":10},"end":{"line":35,"column":16}},"13":{"start":{"line":37,"column":10},"end":{"line":37,"column":42}},"14":{"start":{"line":38,"column":10},"end":{"line":38,"column":16}},"15":{"start":{"line":40,"column":10},"end":{"line":40,"column":68}},"16":{"start":{"line":45,"column":4},"end":{"line":45,"column":60}}},"fnMap":{"0":{"name":"(anonymous_0)","decl":{"start":{"line":10,"column":2},"end":{"line":10,"column":3}},"loc":{"start":{"line":10,"column":52},"end":{"line":48,"column":3}},"line":10}},"branchMap":{"0":{"loc":{"start":{"line":12,"column":4},"end":{"line":14,"column":5}},"type":"if","locations":[{"start":{"line":12,"column":4},"end":{"line":14,"column":5}},{"start":{},"end":{}}],"line":12},"1":{"loc":{"start":{"line":18,"column":6},"end":{"line":20,"column":7}},"type":"if","locations":[{"start":{"line":18,"column":6},"end":{"line":20,"column":7}},{"start":{},"end":{}}],"line":18},"2":{"loc":{"start":{"line":29,"column":6},"end":{"line":41,"column":7}},"type":"switch","locations":[{"start":{"line":30,"column":8},"end":{"line":32,"column":16}},{"start":{"line":33,"column":8},"end":{"line":35,"column":16}},{"start":{"line":36,"column":8},"end":{"line":38,"column":16}},{"start":{"line":39,"column":8},"end":{"line":40,"column":68}}],"line":29}},"s":{"0":3,"1":0,"2":3,"3":5,"4":0,"5":3,"6":3,"7":5,"8":5,"9":5,"10":0,"11":3,"12":3,"13":2,"14":2,"15":0,"16":3},"f":{"0":3},"b":{"0":[0,3],"1":[0,5],"2":[0,3,2,0]},"_coverageSchema":"1a1c01bbd47fc00a2c39e90264f33305004495a9","hash":"d663082459d5fb9d140ec88fb921cd5acd606b7f"}
,"C:\\Users\\Amin\\Documents\\Coding\\cinema-tickets\\cinema-tickets-javascript\\src\\pairtest\\lib\\InvalidPurchaseException.js": {"path":"C:\\Users\\Amin\\Documents\\Coding\\cinema-tickets\\cinema-tickets-javascript\\src\\pairtest\\lib\\InvalidPurchaseException.js","statementMap":{},"fnMap":{},"branchMap":{},"s":{},"f":{},"b":{},"_coverageSchema":"1a1c01bbd47fc00a2c39e90264f33305004495a9","hash":"4a4a843fdb76f05906d6ea5d6337b6402399525a"}
,"C:\\Users\\Amin\\Documents\\Coding\\cinema-tickets\\cinema-tickets-javascript\\src\\pairtest\\lib\\TicketTypeRequest.js": {"path":"C:\\Users\\Amin\\Documents\\Coding\\cinema-tickets\\cinema-tickets-javascript\\src\\pairtest\\lib\\TicketTypeRequest.js","statementMap":{"0":{"start":{"line":11,"column":4},"end":{"line":13,"column":5}},"1":{"start":{"line":12,"column":6},"end":{"line":12,"column":108}},"2":{"start":{"line":15,"column":4},"end":{"line":17,"column":5}},"3":{"start":{"line":16,"column":6},"end":{"line":16,"column":60}},"4":{"start":{"line":19,"column":4},"end":{"line":19,"column":22}},"5":{"start":{"line":20,"column":4},"end":{"line":20,"column":36}},"6":{"start":{"line":24,"column":4},"end":{"line":24,"column":29}},"7":{"start":{"line":28,"column":4},"end":{"line":28,"column":22}},"8":{"start":{"line":31,"column":10},"end":{"line":31,"column":38}}},"fnMap":{"0":{"name":"(anonymous_0)","decl":{"start":{"line":10,"column":2},"end":{"line":10,"column":3}},"loc":{"start":{"line":10,"column":33},"end":{"line":21,"column":3}},"line":10},"1":{"name":"(anonymous_1)","decl":{"start":{"line":23,"column":2},"end":{"line":23,"column":3}},"loc":{"start":{"line":23,"column":19},"end":{"line":25,"column":3}},"line":23},"2":{"name":"(anonymous_2)","decl":{"start":{"line":27,"column":2},"end":{"line":27,"column":3}},"loc":{"start":{"line":27,"column":18},"end":{"line":29,"column":3}},"line":27}},"branchMap":{"0":{"loc":{"start":{"line":11,"column":4},"end":{"line":13,"column":5}},"type":"if","locations":[{"start":{"line":11,"column":4},"end":{"line":13,"column":5}},{"start":{},"end":{}}],"line":11},"1":{"loc":{"start":{"line":15,"column":4},"end":{"line":17,"column":5}},"type":"if","locations":[{"start":{"line":15,"column":4},"end":{"line":17,"column":5}},{"start":{},"end":{}}],"line":15}},"s":{"0":9,"1":2,"2":7,"3":1,"4":6,"5":6,"6":6,"7":6,"8":9},"f":{"0":9,"1":6,"2":6},"b":{"0":[2,7],"1":[1,6]},"_coverageSchema":"1a1c01bbd47fc00a2c39e90264f33305004495a9","hash":"8424c2d3afc49bc900369269f1ddfbec2ac6c47f"}
,"C:\\Users\\Amin\\Documents\\Coding\\cinema-tickets\\cinema-tickets-javascript\\src\\thirdparty\\paymentgateway\\TicketPaymentService.js": {"path":"C:\\Users\\Amin\\Documents\\Coding\\cinema-tickets\\cinema-tickets-javascript\\src\\thirdparty\\paymentgateway\\TicketPaymentService.js","statementMap":{"0":{"start":{"line":5,"column":4},"end":{"line":7,"column":5}},"1":{"start":{"line":6,"column":6},"end":{"line":6,"column":58}},"2":{"start":{"line":9,"column":4},"end":{"line":11,"column":5}},"3":{"start":{"line":10,"column":6},"end":{"line":10,"column":65}}},"fnMap":{"0":{"name":"(anonymous_0)","decl":{"start":{"line":4,"column":2},"end":{"line":4,"column":3}},"loc":{"start":{"line":4,"column":43},"end":{"line":12,"column":3}},"line":4}},"branchMap":{"0":{"loc":{"start":{"line":5,"column":4},"end":{"line":7,"column":5}},"type":"if","locations":[{"start":{"line":5,"column":4},"end":{"line":7,"column":5}},{"start":{},"end":{}}],"line":5},"1":{"loc":{"start":{"line":9,"column":4},"end":{"line":11,"column":5}},"type":"if","locations":[{"start":{"line":9,"column":4},"end":{"line":11,"column":5}},{"start":{},"end":{}}],"line":9}},"s":{"0":0,"1":0,"2":0,"3":0},"f":{"0":0},"b":{"0":[0,0],"1":[0,0]},"_coverageSchema":"1a1c01bbd47fc00a2c39e90264f33305004495a9","hash":"9d15be7d9e70411ac7758845cad40da9cb1635b0"}
}
