{"C:\\Users\\Amin\\Documents\\Coding\\cinema-tickets\\cinema-tickets-javascript\\src\\pairtest\\TicketService.js": {"path":"C:\\Users\\Amin\\Documents\\Coding\\cinema-tickets\\cinema-tickets-javascript\\src\\pairtest\\TicketService.js","statementMap":{"0":{"start":{"line":7,"column":19},"end":{"line":7,"column":45}},"1":{"start":{"line":8,"column":23},"end":{"line":8,"column":51}},"2":{"start":{"line":12,"column":4},"end":{"line":14,"column":5}},"3":{"start":{"line":13,"column":6},"end":{"line":13,"column":93}},"4":{"start":{"line":17,"column":30},"end":{"line":17,"column":35}},"5":{"start":{"line":18,"column":30},"end":{"line":18,"column":35}},"6":{"start":{"line":19,"column":31},"end":{"line":19,"column":36}},"7":{"start":{"line":21,"column":4},"end":{"line":45,"column":5}},"8":{"start":{"line":22,"column":6},"end":{"line":24,"column":7}},"9":{"start":{"line":23,"column":8},"end":{"line":23,"column":78}},"10":{"start":{"line":26,"column":25},"end":{"line":26,"column":48}},"11":{"start":{"line":27,"column":26},"end":{"line":27,"column":50}},"12":{"start":{"line":29,"column":6},"end":{"line":44,"column":7}},"13":{"start":{"line":30,"column":8},"end":{"line":32,"column":9}},"14":{"start":{"line":31,"column":10},"end":{"line":31,"column":101}},"15":{"start":{"line":33,"column":8},"end":{"line":33,"column":36}},"16":{"start":{"line":34,"column":13},"end":{"line":44,"column":7}},"17":{"start":{"line":35,"column":8},"end":{"line":37,"column":9}},"18":{"start":{"line":36,"column":10},"end":{"line":36,"column":96}},"19":{"start":{"line":38,"column":8},"end":{"line":38,"column":35}},"20":{"start":{"line":39,"column":13},"end":{"line":44,"column":7}},"21":{"start":{"line":40,"column":8},"end":{"line":42,"column":9}},"22":{"start":{"line":41,"column":10},"end":{"line":41,"column":96}},"23":{"start":{"line":43,"column":8},"end":{"line":43,"column":35}},"24":{"start":{"line":48,"column":4},"end":{"line":50,"column":5}},"25":{"start":{"line":49,"column":6},"end":{"line":49,"column":112}},"26":{"start":{"line":53,"column":22},"end":{"line":53,"column":23}},"27":{"start":{"line":54,"column":4},"end":{"line":71,"column":5}},"28":{"start":{"line":55,"column":25},"end":{"line":55,"column":48}},"29":{"start":{"line":56,"column":26},"end":{"line":56,"column":50}},"30":{"start":{"line":58,"column":6},"end":{"line":70,"column":7}},"31":{"start":{"line":61,"column":10},"end":{"line":61,"column":16}},"32":{"start":{"line":63,"column":10},"end":{"line":63,"column":42}},"33":{"start":{"line":64,"column":10},"end":{"line":64,"column":16}},"34":{"start":{"line":66,"column":10},"end":{"line":66,"column":42}},"35":{"start":{"line":67,"column":10},"end":{"line":67,"column":16}},"36":{"start":{"line":69,"column":10},"end":{"line":69,"column":68}},"37":{"start":{"line":74,"column":4},"end":{"line":74,"column":60}},"38":{"start":{"line":77,"column":30},"end":{"line":77,"column":31}},"39":{"start":{"line":78,"column":4},"end":{"line":82,"column":5}},"40":{"start":{"line":79,"column":6},"end":{"line":81,"column":7}},"41":{"start":{"line":80,"column":8},"end":{"line":80,"column":56}},"42":{"start":{"line":85,"column":4},"end":{"line":85,"column":72}}},"fnMap":{"0":{"name":"(anonymous_0)","decl":{"start":{"line":10,"column":2},"end":{"line":10,"column":3}},"loc":{"start":{"line":10,"column":52},"end":{"line":86,"column":3}},"line":10}},"branchMap":{"0":{"loc":{"start":{"line":12,"column":4},"end":{"line":14,"column":5}},"type":"if","locations":[{"start":{"line":12,"column":4},"end":{"line":14,"column":5}},{"start":{},"end":{}}],"line":12},"1":{"loc":{"start":{"line":22,"column":6},"end":{"line":24,"column":7}},"type":"if","locations":[{"start":{"line":22,"column":6},"end":{"line":24,"column":7}},{"start":{},"end":{}}],"line":22},"2":{"loc":{"start":{"line":29,"column":6},"end":{"line":44,"column":7}},"type":"if","locations":[{"start":{"line":29,"column":6},"end":{"line":44,"column":7}},{"start":{"line":34,"column":13},"end":{"line":44,"column":7}}],"line":29},"3":{"loc":{"start":{"line":30,"column":8},"end":{"line":32,"column":9}},"type":"if","locations":[{"start":{"line":30,"column":8},"end":{"line":32,"column":9}},{"start":{},"end":{}}],"line":30},"4":{"loc":{"start":{"line":34,"column":13},"end":{"line":44,"column":7}},"type":"if","locations":[{"start":{"line":34,"column":13},"end":{"line":44,"column":7}},{"start":{"line":39,"column":13},"end":{"line":44,"column":7}}],"line":34},"5":{"loc":{"start":{"line":35,"column":8},"end":{"line":37,"column":9}},"type":"if","locations":[{"start":{"line":35,"column":8},"end":{"line":37,"column":9}},{"start":{},"end":{}}],"line":35},"6":{"loc":{"start":{"line":39,"column":13},"end":{"line":44,"column":7}},"type":"if","locations":[{"start":{"line":39,"column":13},"end":{"line":44,"column":7}},{"start":{},"end":{}}],"line":39},"7":{"loc":{"start":{"line":40,"column":8},"end":{"line":42,"column":9}},"type":"if","locations":[{"start":{"line":40,"column":8},"end":{"line":42,"column":9}},{"start":{},"end":{}}],"line":40},"8":{"loc":{"start":{"line":48,"column":4},"end":{"line":50,"column":5}},"type":"if","locations":[{"start":{"line":48,"column":4},"end":{"line":50,"column":5}},{"start":{},"end":{}}],"line":48},"9":{"loc":{"start":{"line":48,"column":8},"end":{"line":48,"column":77}},"type":"binary-expr","locations":[{"start":{"line":48,"column":9},"end":{"line":48,"column":28}},{"start":{"line":48,"column":32},"end":{"line":48,"column":52}},{"start":{"line":48,"column":57},"end":{"line":48,"column":77}}],"line":48},"10":{"loc":{"start":{"line":58,"column":6},"end":{"line":70,"column":7}},"type":"switch","locations":[{"start":{"line":59,"column":8},"end":{"line":61,"column":16}},{"start":{"line":62,"column":8},"end":{"line":64,"column":16}},{"start":{"line":65,"column":8},"end":{"line":67,"column":16}},{"start":{"line":68,"column":8},"end":{"line":69,"column":68}}],"line":58},"11":{"loc":{"start":{"line":79,"column":6},"end":{"line":81,"column":7}},"type":"if","locations":[{"start":{"line":79,"column":6},"end":{"line":81,"column":7}},{"start":{},"end":{}}],"line":79}},"s":{"0":9,"1":9,"2":9,"3":1,"4":8,"5":8,"6":8,"7":8,"8":10,"9":0,"10":10,"11":10,"12":10,"13":2,"14":1,"15":1,"16":8,"17":5,"18":1,"19":4,"20":3,"21":3,"22":1,"23":2,"24":5,"25":3,"26":2,"27":2,"28":4,"29":4,"30":4,"31":0,"32":2,"33":2,"34":2,"35":2,"36":0,"37":2,"38":2,"39":2,"40":4,"41":4,"42":2},"f":{"0":9},"b":{"0":[1,8],"1":[0,10],"2":[2,8],"3":[1,1],"4":[5,3],"5":[1,4],"6":[3,0],"7":[1,2],"8":[3,2],"9":[5,1,5],"10":[0,2,2,0],"11":[4,0]},"_coverageSchema":"1a1c01bbd47fc00a2c39e90264f33305004495a9","hash":"2f36f6a81db8d2f34ecbd55ec01bcd95cb33dc8c"}
,"C:\\Users\\Amin\\Documents\\Coding\\cinema-tickets\\cinema-tickets-javascript\\src\\pairtest\\lib\\InvalidPurchaseException.js": {"path":"C:\\Users\\Amin\\Documents\\Coding\\cinema-tickets\\cinema-tickets-javascript\\src\\pairtest\\lib\\InvalidPurchaseException.js","statementMap":{"0":{"start":{"line":3,"column":8},"end":{"line":3,"column":23}},"1":{"start":{"line":4,"column":8},"end":{"line":4,"column":42}}},"fnMap":{"0":{"name":"(anonymous_0)","decl":{"start":{"line":2,"column":4},"end":{"line":2,"column":5}},"loc":{"start":{"line":2,"column":25},"end":{"line":5,"column":5}},"line":2}},"branchMap":{},"s":{"0":7,"1":7},"f":{"0":7},"b":{},"_coverageSchema":"1a1c01bbd47fc00a2c39e90264f33305004495a9","hash":"c10c7c672ff49846b0cff7962acb637211c215b2"}
,"C:\\Users\\Amin\\Documents\\Coding\\cinema-tickets\\cinema-tickets-javascript\\src\\pairtest\\lib\\TicketTypeRequest.js": {"path":"C:\\Users\\Amin\\Documents\\Coding\\cinema-tickets\\cinema-tickets-javascript\\src\\pairtest\\lib\\TicketTypeRequest.js","statementMap":{"0":{"start":{"line":11,"column":4},"end":{"line":13,"column":5}},"1":{"start":{"line":12,"column":6},"end":{"line":12,"column":108}},"2":{"start":{"line":15,"column":4},"end":{"line":17,"column":5}},"3":{"start":{"line":16,"column":6},"end":{"line":16,"column":60}},"4":{"start":{"line":19,"column":4},"end":{"line":19,"column":22}},"5":{"start":{"line":20,"column":4},"end":{"line":20,"column":36}},"6":{"start":{"line":24,"column":4},"end":{"line":24,"column":29}},"7":{"start":{"line":28,"column":4},"end":{"line":28,"column":22}},"8":{"start":{"line":31,"column":10},"end":{"line":31,"column":38}}},"fnMap":{"0":{"name":"(anonymous_0)","decl":{"start":{"line":10,"column":2},"end":{"line":10,"column":3}},"loc":{"start":{"line":10,"column":33},"end":{"line":21,"column":3}},"line":10},"1":{"name":"(anonymous_1)","decl":{"start":{"line":23,"column":2},"end":{"line":23,"column":3}},"loc":{"start":{"line":23,"column":19},"end":{"line":25,"column":3}},"line":23},"2":{"name":"(anonymous_2)","decl":{"start":{"line":27,"column":2},"end":{"line":27,"column":3}},"loc":{"start":{"line":27,"column":18},"end":{"line":29,"column":3}},"line":27}},"branchMap":{"0":{"loc":{"start":{"line":11,"column":4},"end":{"line":13,"column":5}},"type":"if","locations":[{"start":{"line":11,"column":4},"end":{"line":13,"column":5}},{"start":{},"end":{}}],"line":11},"1":{"loc":{"start":{"line":15,"column":4},"end":{"line":17,"column":5}},"type":"if","locations":[{"start":{"line":15,"column":4},"end":{"line":17,"column":5}},{"start":{},"end":{}}],"line":15}},"s":{"0":10,"1":0,"2":10,"3":0,"4":10,"5":10,"6":19,"7":19,"8":10},"f":{"0":10,"1":19,"2":19},"b":{"0":[0,10],"1":[0,10]},"_coverageSchema":"1a1c01bbd47fc00a2c39e90264f33305004495a9","hash":"8424c2d3afc49bc900369269f1ddfbec2ac6c47f"}
,"C:\\Users\\Amin\\Documents\\Coding\\cinema-tickets\\cinema-tickets-javascript\\src\\thirdparty\\paymentgateway\\TicketPaymentService.js": {"path":"C:\\Users\\Amin\\Documents\\Coding\\cinema-tickets\\cinema-tickets-javascript\\src\\thirdparty\\paymentgateway\\TicketPaymentService.js","statementMap":{"0":{"start":{"line":5,"column":4},"end":{"line":7,"column":5}},"1":{"start":{"line":6,"column":6},"end":{"line":6,"column":58}},"2":{"start":{"line":9,"column":4},"end":{"line":11,"column":5}},"3":{"start":{"line":10,"column":6},"end":{"line":10,"column":65}}},"fnMap":{"0":{"name":"(anonymous_0)","decl":{"start":{"line":4,"column":2},"end":{"line":4,"column":3}},"loc":{"start":{"line":4,"column":43},"end":{"line":12,"column":3}},"line":4}},"branchMap":{"0":{"loc":{"start":{"line":5,"column":4},"end":{"line":7,"column":5}},"type":"if","locations":[{"start":{"line":5,"column":4},"end":{"line":7,"column":5}},{"start":{},"end":{}}],"line":5},"1":{"loc":{"start":{"line":9,"column":4},"end":{"line":11,"column":5}},"type":"if","locations":[{"start":{"line":9,"column":4},"end":{"line":11,"column":5}},{"start":{},"end":{}}],"line":9}},"s":{"0":1,"1":0,"2":1,"3":0},"f":{"0":1},"b":{"0":[0,1],"1":[0,1]},"_coverageSchema":"1a1c01bbd47fc00a2c39e90264f33305004495a9","hash":"9d15be7d9e70411ac7758845cad40da9cb1635b0"}
,"C:\\Users\\Amin\\Documents\\Coding\\cinema-tickets\\cinema-tickets-javascript\\src\\thirdparty\\seatbooking\\SeatReservationService.js": {"path":"C:\\Users\\Amin\\Documents\\Coding\\cinema-tickets\\cinema-tickets-javascript\\src\\thirdparty\\seatbooking\\SeatReservationService.js","statementMap":{"0":{"start":{"line":5,"column":4},"end":{"line":7,"column":5}},"1":{"start":{"line":6,"column":6},"end":{"line":6,"column":58}},"2":{"start":{"line":9,"column":4},"end":{"line":11,"column":5}},"3":{"start":{"line":10,"column":6},"end":{"line":10,"column":69}}},"fnMap":{"0":{"name":"(anonymous_0)","decl":{"start":{"line":4,"column":2},"end":{"line":4,"column":3}},"loc":{"start":{"line":4,"column":47},"end":{"line":12,"column":3}},"line":4}},"branchMap":{"0":{"loc":{"start":{"line":5,"column":4},"end":{"line":7,"column":5}},"type":"if","locations":[{"start":{"line":5,"column":4},"end":{"line":7,"column":5}},{"start":{},"end":{}}],"line":5},"1":{"loc":{"start":{"line":9,"column":4},"end":{"line":11,"column":5}},"type":"if","locations":[{"start":{"line":9,"column":4},"end":{"line":11,"column":5}},{"start":{},"end":{}}],"line":9}},"s":{"0":1,"1":0,"2":1,"3":0},"f":{"0":1},"b":{"0":[0,1],"1":[0,1]},"_coverageSchema":"1a1c01bbd47fc00a2c39e90264f33305004495a9","hash":"f9ebddba446189bc3a1bba4b6ec5bbdff678fdbb"}
}
