TN:
SF:src\pairtest\TicketService.js
FN:10,(anonymous_0)
FNF:1
FNH:1
FNDA:3,(anonymous_0)
DA:12,3
DA:13,0
DA:17,3
DA:18,5
DA:19,0
DA:24,3
DA:25,3
DA:26,5
DA:27,5
DA:29,5
DA:32,0
DA:34,3
DA:35,3
DA:37,2
DA:38,2
DA:40,0
DA:45,3
LF:17
LH:13
BRDA:12,0,0,0
BRDA:12,0,1,3
BRDA:18,1,0,0
BRDA:18,1,1,5
BRDA:29,2,0,0
BRDA:29,2,1,3
BRDA:29,2,2,2
BRDA:29,2,3,0
BRF:8
BRH:4
end_of_record
TN:
SF:src\pairtest\lib\InvalidPurchaseException.js
FNF:0
FNH:0
LF:0
LH:0
BRF:0
BRH:0
end_of_record
TN:
SF:src\pairtest\lib\TicketTypeRequest.js
FN:10,(anonymous_0)
FN:23,(anonymous_1)
FN:27,(anonymous_2)
FNF:3
FNH:3
FNDA:9,(anonymous_0)
FNDA:6,(anonymous_1)
FNDA:6,(anonymous_2)
DA:11,9
DA:12,2
DA:15,7
DA:16,1
DA:19,6
DA:20,6
DA:24,6
DA:28,6
DA:31,9
LF:9
LH:9
BRDA:11,0,0,2
BRDA:11,0,1,7
BRDA:15,1,0,1
BRDA:15,1,1,6
BRF:4
BRH:4
end_of_record
TN:
SF:src\thirdparty\paymentgateway\TicketPaymentService.js
FN:4,(anonymous_0)
FNF:1
FNH:0
FNDA:0,(anonymous_0)
DA:5,0
DA:6,0
DA:9,0
DA:10,0
LF:4
LH:0
BRDA:5,0,0,0
BRDA:5,0,1,0
BRDA:9,1,0,0
BRDA:9,1,1,0
BRF:4
BRH:0
end_of_record
